2009.03.24 12:44 B D:\afaq\amazon\web\jewelry\images\411DCDARQML._SL75_.jpg --> www.internetcode.org /public_html/dukkani/jewelry/images 411DCDARQML._SL75_.jpg
2009.03.24 12:44 B D:\afaq\amazon\web\jewelry\images\41KP154ZD5L._SL75_.jpg --> www.internetcode.org /public_html/dukkani/jewelry/images 41KP154ZD5L._SL75_.jpg
2009.03.24 12:45 B D:\afaq\amazon\web\jewelry\images\41kxHoR7ugL._SL75_.jpg --> www.internetcode.org /public_html/dukkani/jewelry/images 41kxHoR7ugL._SL75_.jpg
2009.03.24 12:45 B D:\afaq\amazon\web\jewelry\images\51PPGQAGN1L._SL75_.jpg --> www.internetcode.org /public_html/dukkani/jewelry/images 51PPGQAGN1L._SL75_.jpg
2009.03.24 12:45 B D:\afaq\amazon\web\jewelry\images\affiliates.gif --> www.internetcode.org /public_html/dukkani/jewelry/images affiliates.gif
2009.03.24 12:45 B D:\afaq\amazon\web\jewelry\images\bgd1.gif --> www.internetcode.org /public_html/dukkani/jewelry/images bgd1.gif
2009.03.24 12:45 B D:\afaq\amazon\web\jewelry\images\cart.gif --> www.internetcode.org /public_html/dukkani/jewelry/images cart.gif
2009.03.24 12:45 B D:\afaq\amazon\web\jewelry\images\curve.gif --> www.internetcode.org /public_html/dukkani/jewelry/images curve.gif
2009.03.24 12:45 B D:\afaq\amazon\web\jewelry\images\islamBook.jpg --> www.internetcode.org /public_html/dukkani/jewelry/images islamBook.jpg
2009.03.24 12:45 B D:\afaq\amazon\web\jewelry\images\logo.gif --> www.internetcode.org /public_html/dukkani/jewelry/images logo.gif
2009.03.24 12:45 B D:\afaq\amazon\web\jewelry\images\shopall.gif --> www.internetcode.org /public_html/dukkani/jewelry/images shopall.gif
2009.03.24 12:45 B D:\afaq\amazon\web\jewelry\images\spacer.gif --> www.internetcode.org /public_html/dukkani/jewelry/images spacer.gif
2009.03.25 19:57 B D:\afaq\amazon\web\jewelry\images\411DCDARQML._SL75_.jpg --> www.dukkany.com /public_html/jewelry/images 411DCDARQML._SL75_.jpg
2009.03.25 19:57 B D:\afaq\amazon\web\jewelry\images\41KP154ZD5L._SL75_.jpg --> www.dukkany.com /public_html/jewelry/images 41KP154ZD5L._SL75_.jpg
2009.03.25 19:57 B D:\afaq\amazon\web\jewelry\images\41kxHoR7ugL._SL75_.jpg --> www.dukkany.com /public_html/jewelry/images 41kxHoR7ugL._SL75_.jpg
2009.03.25 19:57 B D:\afaq\amazon\web\jewelry\images\51PPGQAGN1L._SL75_.jpg --> www.dukkany.com /public_html/jewelry/images 51PPGQAGN1L._SL75_.jpg
2009.03.25 19:57 B D:\afaq\amazon\web\jewelry\images\affiliates.gif --> www.dukkany.com /public_html/jewelry/images affiliates.gif
2009.03.25 19:57 B D:\afaq\amazon\web\jewelry\images\bgd1.gif --> www.dukkany.com /public_html/jewelry/images bgd1.gif
2009.03.25 19:57 B D:\afaq\amazon\web\jewelry\images\cart.gif --> www.dukkany.com /public_html/jewelry/images cart.gif
2009.03.25 19:58 B D:\afaq\amazon\web\jewelry\images\curve.gif --> www.dukkany.com /public_html/jewelry/images curve.gif
2009.03.25 19:58 B D:\afaq\amazon\web\jewelry\images\islamBook.jpg --> www.dukkany.com /public_html/jewelry/images islamBook.jpg
2009.03.25 19:58 B D:\afaq\amazon\web\jewelry\images\logo.gif --> www.dukkany.com /public_html/jewelry/images logo.gif
2009.03.25 19:58 B D:\afaq\amazon\web\jewelry\images\shopall.gif --> www.dukkany.com /public_html/jewelry/images shopall.gif
2009.03.25 19:58 B D:\afaq\amazon\web\jewelry\images\spacer.gif --> www.dukkany.com /public_html/jewelry/images spacer.gif
2009.03.25 19:58 B D:\afaq\amazon\web\jewelry\images\Thumbs.db --> www.dukkany.com /public_html/jewelry/images Thumbs.db
