2009.03.22 14:32 B D:\afaq\amazon\web\images\affiliates.gif --> www.internetcode.org /public_html/dukkani/images affiliates.gif
2009.03.22 14:32 B D:\afaq\amazon\web\images\bgd1.gif --> www.internetcode.org /public_html/dukkani/images bgd1.gif
2009.03.22 14:32 B D:\afaq\amazon\web\images\cart.gif --> www.internetcode.org /public_html/dukkani/images cart.gif
2009.03.22 14:32 B D:\afaq\amazon\web\images\curve.gif --> www.internetcode.org /public_html/dukkani/images curve.gif
2009.03.22 14:32 B D:\afaq\amazon\web\images\logo.gif --> www.internetcode.org /public_html/dukkani/images logo.gif
2009.03.22 14:32 B D:\afaq\amazon\web\images\shopall.gif --> www.internetcode.org /public_html/dukkani/images shopall.gif
2009.03.22 14:32 B D:\afaq\amazon\web\images\spacer.gif --> www.internetcode.org /public_html/dukkani/images spacer.gif
2009.03.22 14:32 B D:\afaq\amazon\web\images\Thumbs.db --> www.internetcode.org /public_html/dukkani/images Thumbs.db
2009.03.22 14:32 B D:\afaq\amazon\web\images\íÚäÔÔìå.ai --> www.internetcode.org /public_html/dukkani/images íÚäÔÔìå.ai
2009.03.22 15:17 B D:\afaq\amazon\web\images\shopall.gif --> www.internetcode.org /public_html/dukkani/images shopall.gif
2009.03.22 18:40 B D:\afaq\amazon\web\images\411DCDARQML._SL75_.jpg --> www.internetcode.org /public_html/dukkani/images 411DCDARQML._SL75_.jpg
2009.03.22 18:40 B D:\afaq\amazon\web\images\41KP154ZD5L._SL75_.jpg --> www.internetcode.org /public_html/dukkani/images 41KP154ZD5L._SL75_.jpg
2009.03.22 18:40 B D:\afaq\amazon\web\images\41kxHoR7ugL._SL75_.jpg --> www.internetcode.org /public_html/dukkani/images 41kxHoR7ugL._SL75_.jpg
2009.03.22 18:40 B D:\afaq\amazon\web\images\51PPGQAGN1L._SL75_.jpg --> www.internetcode.org /public_html/dukkani/images 51PPGQAGN1L._SL75_.jpg
2009.03.22 18:40 B D:\afaq\amazon\web\images\affiliates.gif --> www.internetcode.org /public_html/dukkani/images affiliates.gif
2009.03.22 18:40 B D:\afaq\amazon\web\images\bgd1.gif --> www.internetcode.org /public_html/dukkani/images bgd1.gif
2009.03.22 18:40 B D:\afaq\amazon\web\images\cart.gif --> www.internetcode.org /public_html/dukkani/images cart.gif
2009.03.25 20:06 B D:\afaq\amazon\web\images\411DCDARQML._SL75_.jpg --> www.dukkany.com /public_html/images 411DCDARQML._SL75_.jpg
2009.03.25 20:06 B D:\afaq\amazon\web\images\41KP154ZD5L._SL75_.jpg --> www.dukkany.com /public_html/images 41KP154ZD5L._SL75_.jpg
2009.03.25 20:06 B D:\afaq\amazon\web\images\41kxHoR7ugL._SL75_.jpg --> www.dukkany.com /public_html/images 41kxHoR7ugL._SL75_.jpg
2009.03.25 20:06 B D:\afaq\amazon\web\images\51PPGQAGN1L._SL75_.jpg --> www.dukkany.com /public_html/images 51PPGQAGN1L._SL75_.jpg
2009.03.25 20:06 B D:\afaq\amazon\web\images\affiliates.gif --> www.dukkany.com /public_html/images affiliates.gif
2009.03.25 20:06 B D:\afaq\amazon\web\images\bgd1.gif --> www.dukkany.com /public_html/images bgd1.gif
2009.03.25 20:06 B D:\afaq\amazon\web\images\cart.gif --> www.dukkany.com /public_html/images cart.gif
2009.03.25 20:06 B D:\afaq\amazon\web\images\curve.gif --> www.dukkany.com /public_html/images curve.gif
2009.03.25 20:06 B D:\afaq\amazon\web\images\islamBook.jpg --> www.dukkany.com /public_html/images islamBook.jpg
2009.03.25 20:06 B D:\afaq\amazon\web\images\logo.gif --> www.dukkany.com /public_html/images logo.gif
2009.03.25 20:06 B D:\afaq\amazon\web\images\shopall.gif --> www.dukkany.com /public_html/images shopall.gif
2009.03.25 20:06 B D:\afaq\amazon\web\images\spacer.gif --> www.dukkany.com /public_html/images spacer.gif
2009.03.25 20:07 B D:\afaq\amazon\web\images\Thumbs.db --> www.dukkany.com /public_html/images Thumbs.db
